        -:    0:Source:main/main.c
        -:    0:Graph:main.gcno
        -:    0:Data:-
        -:    0:Runs:0
        -:    0:Programs:0
        -:    1:#include<stdio.h>
        -:    2:
        -:    3:#include<common.h>
        -:    4:#include<tstring.h>
        -:    5:#include<ttypes.h>
        -:    6:#include<token.h>
        -:    7:#include<lex.h>
        -:    8:
    #####:    9:int main(void){
    #####:   10:	String s = string_new("function test( int a ) { return 0 }");
    #####:   11:	DARRAY(Token) tokens = get_tokens(s);
    #####:   12:	FOR(i,0,tokens->count,
        -:   13:			String v = Token_print(DARRAY_GET(Token,tokens,i));
        -:   14:			printf("%s\n", c_string(v));
        -:   15:			string_delete(v););
        -:   16:
        -:   17:
    #####:   18:	DARRAY_DELETE(Token,tokens);	
    #####:   19:	string_delete(s);
    #####:   20:	return RETURN_NO_ERROR;
        -:   21:}
